<?xml version="1.0" encoding="UTF-8"?>
<robot generator="Robot 6.1.1 (Python 3.12.0 on darwin)" generated="20231203 12:31:19.772" rpa="false" schemaversion="4">
<suite id="s1" name="Login" source="/Users/putrifauziahrahman/Documents/SanberCodeMobileAutomation/Sanber51-Kel13-MobileAutomation/suites/login.robot">
<test id="s1-t1" name="Login Valid Credential" line="14">
<kw name="Open Flight Application" library="base">
<kw name="Open Application" library="AppiumLibrary">
<arg>remote_url=${REMOTE_URL}</arg>
<arg>platformName=${PLATFORM_NAME}</arg>
<arg>platformVersion=${PLATFORM_VERSION}</arg>
<arg>deviceName=${DEVICE_NAME}</arg>
<arg>appPackage=${APP_PACKAGE}</arg>
<arg>appActivity=${APP_ACTIVITY}</arg>
<doc>Opens a new application to given Appium server.
Capabilities of appium server, Android and iOS,
Please check https://github.com/appium/appium/blob/master/docs/en/writing-running-appium/server-args.md
| *Option*            | *Man.* | *Description*     |
| remote_url          | Yes    | Appium server url |
| alias               | no     | alias             |
| strict_ssl          | No     | allows you to send commands to an invalid certificate host like a self-signed one. |</doc>
<status status="PASS" starttime="20231203 12:31:19.846" endtime="20231203 12:31:25.170"/>
</kw>
<status status="PASS" starttime="20231203 12:31:19.846" endtime="20231203 12:31:25.172"/>
</kw>
<kw name="Click Sign In Button" library="homePage">
<kw name="Click Element" library="AppiumLibrary">
<arg>${sign-in-button}</arg>
<doc>Click element identified by `locator`.</doc>
<msg timestamp="20231203 12:31:25.174" level="INFO">Clicking element '//*[@resource-id="com.example.myapplication:id/login"]'.</msg>
<msg timestamp="20231203 12:31:25.832" level="INFO">xpath criteria: //*[@resource-id="com.example.myapplication:id/login"]</msg>
<status status="PASS" starttime="20231203 12:31:25.173" endtime="20231203 12:31:25.832"/>
</kw>
<status status="PASS" starttime="20231203 12:31:25.173" endtime="20231203 12:31:25.832"/>
</kw>
<kw name="Input Username On Login Page" library="loginPage">
<arg>${VALID_USERNAME}</arg>
<kw name="Wait Until Element Is Visible" library="AppiumLibrary">
<arg>${username-input}</arg>
<doc>Waits until element specified with `locator` is visible.</doc>
<msg timestamp="20231203 12:31:26.436" level="INFO">xpath criteria: //*[@resource-id="com.example.myapplication:id/username"]
xpath criteria: //*[@resource-id="com.example.myapplication:id/username"]</msg>
<status status="PASS" starttime="20231203 12:31:25.833" endtime="20231203 12:31:26.436"/>
</kw>
<kw name="Input Text" library="AppiumLibrary">
<arg>${username-input}</arg>
<arg>${username}</arg>
<doc>Types the given `text` into text field identified by `locator`.</doc>
<msg timestamp="20231203 12:31:26.438" level="INFO">Typing text 'support@ngendigital.com' into text field '//*[@resource-id="com.example.myapplication:id/username"]'</msg>
<msg timestamp="20231203 12:31:26.477" level="INFO">xpath criteria: //*[@resource-id="com.example.myapplication:id/username"]</msg>
<status status="PASS" starttime="20231203 12:31:26.436" endtime="20231203 12:31:26.477"/>
</kw>
<status status="PASS" starttime="20231203 12:31:25.832" endtime="20231203 12:31:26.477"/>
</kw>
<kw name="Input Password On Login Page" library="loginPage">
<arg>${VALID_PASSWORD}</arg>
<kw name="Wait Until Element Is Visible" library="AppiumLibrary">
<arg>${password-input}</arg>
<doc>Waits until element specified with `locator` is visible.</doc>
<msg timestamp="20231203 12:31:27.023" level="INFO">xpath criteria: //*[@resource-id="com.example.myapplication:id/password"]</msg>
<status status="PASS" starttime="20231203 12:31:26.478" endtime="20231203 12:31:27.024"/>
</kw>
<kw name="Input Text" library="AppiumLibrary">
<arg>${password-input}</arg>
<arg>${password}</arg>
<doc>Types the given `text` into text field identified by `locator`.</doc>
<msg timestamp="20231203 12:31:27.026" level="INFO">Typing text 'abc123' into text field '//*[@resource-id="com.example.myapplication:id/password"]'</msg>
<msg timestamp="20231203 12:31:27.072" level="INFO">xpath criteria: //*[@resource-id="com.example.myapplication:id/password"]</msg>
<status status="PASS" starttime="20231203 12:31:27.024" endtime="20231203 12:31:27.072"/>
</kw>
<status status="PASS" starttime="20231203 12:31:26.477" endtime="20231203 12:31:27.072"/>
</kw>
<kw name="Click Sign In Button On Login Page" library="loginPage">
<kw name="Wait Until Element Is Visible" library="AppiumLibrary">
<arg>${sign-in-button2}</arg>
<doc>Waits until element specified with `locator` is visible.</doc>
<msg timestamp="20231203 12:31:27.620" level="INFO">xpath criteria: //*[@resource-id="com.example.myapplication:id/signIn"]</msg>
<status status="PASS" starttime="20231203 12:31:27.073" endtime="20231203 12:31:27.621"/>
</kw>
<kw name="Click Element" library="AppiumLibrary">
<arg>${sign-in-button2}</arg>
<doc>Click element identified by `locator`.</doc>
<msg timestamp="20231203 12:31:27.623" level="INFO">Clicking element '//*[@resource-id="com.example.myapplication:id/signIn"]'.</msg>
<msg timestamp="20231203 12:31:27.718" level="INFO">xpath criteria: //*[@resource-id="com.example.myapplication:id/signIn"]</msg>
<status status="PASS" starttime="20231203 12:31:27.621" endtime="20231203 12:31:27.718"/>
</kw>
<status status="PASS" starttime="20231203 12:31:27.072" endtime="20231203 12:31:27.718"/>
</kw>
<kw name="Success Login" library="loginPage">
<kw name="Wait Until Element Is Visible" library="AppiumLibrary">
<arg>${success-login}</arg>
<doc>Waits until element specified with `locator` is visible.</doc>
<msg timestamp="20231203 12:31:28.300" level="INFO">xpath criteria: //*[@resource-id="com.example.myapplication:id/textView"]</msg>
<status status="PASS" starttime="20231203 12:31:27.719" endtime="20231203 12:31:28.300"/>
</kw>
<kw name="Element Should Contain Text" library="AppiumLibrary">
<arg>${success-login}</arg>
<arg>NGen Digital</arg>
<doc>Verifies element identified by ``locator`` contains text ``expected``.</doc>
<msg timestamp="20231203 12:31:28.303" level="INFO">Verifying element '//*[@resource-id="com.example.myapplication:id/textView"]' contains text 'NGen Digital'.</msg>
<msg timestamp="20231203 12:31:28.347" level="INFO">xpath criteria: //*[@resource-id="com.example.myapplication:id/textView"]</msg>
<status status="PASS" starttime="20231203 12:31:28.300" endtime="20231203 12:31:28.347"/>
</kw>
<status status="PASS" starttime="20231203 12:31:27.719" endtime="20231203 12:31:28.348"/>
</kw>
<kw name="Close Flight Application" library="base">
<kw name="Close Application" library="AppiumLibrary">
<doc>Closes the current application and also close webdriver session.</doc>
<status status="PASS" starttime="20231203 12:31:28.348" endtime="20231203 12:31:28.659"/>
</kw>
<status status="PASS" starttime="20231203 12:31:28.348" endtime="20231203 12:31:28.659"/>
</kw>
<status status="PASS" starttime="20231203 12:31:19.846" endtime="20231203 12:31:28.659"/>
</test>
<test id="s1-t2" name="Login Invalid Credential" line="24">
<kw name="Open Flight Application" library="base">
<kw name="Open Application" library="AppiumLibrary">
<arg>remote_url=${REMOTE_URL}</arg>
<arg>platformName=${PLATFORM_NAME}</arg>
<arg>platformVersion=${PLATFORM_VERSION}</arg>
<arg>deviceName=${DEVICE_NAME}</arg>
<arg>appPackage=${APP_PACKAGE}</arg>
<arg>appActivity=${APP_ACTIVITY}</arg>
<doc>Opens a new application to given Appium server.
Capabilities of appium server, Android and iOS,
Please check https://github.com/appium/appium/blob/master/docs/en/writing-running-appium/server-args.md
| *Option*            | *Man.* | *Description*     |
| remote_url          | Yes    | Appium server url |
| alias               | no     | alias             |
| strict_ssl          | No     | allows you to send commands to an invalid certificate host like a self-signed one. |</doc>
<status status="PASS" starttime="20231203 12:31:28.660" endtime="20231203 12:31:33.418"/>
</kw>
<status status="PASS" starttime="20231203 12:31:28.660" endtime="20231203 12:31:33.418"/>
</kw>
<kw name="Click Sign In Button" library="homePage">
<kw name="Click Element" library="AppiumLibrary">
<arg>${sign-in-button}</arg>
<doc>Click element identified by `locator`.</doc>
<msg timestamp="20231203 12:31:33.422" level="INFO">Clicking element '//*[@resource-id="com.example.myapplication:id/login"]'.</msg>
<msg timestamp="20231203 12:31:34.064" level="INFO">xpath criteria: //*[@resource-id="com.example.myapplication:id/login"]</msg>
<status status="PASS" starttime="20231203 12:31:33.419" endtime="20231203 12:31:34.064"/>
</kw>
<status status="PASS" starttime="20231203 12:31:33.419" endtime="20231203 12:31:34.064"/>
</kw>
<kw name="Input Username On Login Page" library="loginPage">
<arg>${INVALID_USERNAME}</arg>
<kw name="Wait Until Element Is Visible" library="AppiumLibrary">
<arg>${username-input}</arg>
<doc>Waits until element specified with `locator` is visible.</doc>
<msg timestamp="20231203 12:31:34.675" level="INFO">xpath criteria: //*[@resource-id="com.example.myapplication:id/username"]
xpath criteria: //*[@resource-id="com.example.myapplication:id/username"]</msg>
<status status="PASS" starttime="20231203 12:31:34.065" endtime="20231203 12:31:34.675"/>
</kw>
<kw name="Input Text" library="AppiumLibrary">
<arg>${username-input}</arg>
<arg>${username}</arg>
<doc>Types the given `text` into text field identified by `locator`.</doc>
<msg timestamp="20231203 12:31:34.677" level="INFO">Typing text 'putri.tester@mailinator.com' into text field '//*[@resource-id="com.example.myapplication:id/username"]'</msg>
<msg timestamp="20231203 12:31:34.716" level="INFO">xpath criteria: //*[@resource-id="com.example.myapplication:id/username"]</msg>
<status status="PASS" starttime="20231203 12:31:34.676" endtime="20231203 12:31:34.716"/>
</kw>
<status status="PASS" starttime="20231203 12:31:34.065" endtime="20231203 12:31:34.716"/>
</kw>
<kw name="Input Password On Login Page" library="loginPage">
<arg>${INVALID_PASSWORD}</arg>
<kw name="Wait Until Element Is Visible" library="AppiumLibrary">
<arg>${password-input}</arg>
<doc>Waits until element specified with `locator` is visible.</doc>
<msg timestamp="20231203 12:31:35.224" level="INFO">xpath criteria: //*[@resource-id="com.example.myapplication:id/password"]</msg>
<status status="PASS" starttime="20231203 12:31:34.717" endtime="20231203 12:31:35.224"/>
</kw>
<kw name="Input Text" library="AppiumLibrary">
<arg>${password-input}</arg>
<arg>${password}</arg>
<doc>Types the given `text` into text field identified by `locator`.</doc>
<msg timestamp="20231203 12:31:35.226" level="INFO">Typing text '123testing' into text field '//*[@resource-id="com.example.myapplication:id/password"]'</msg>
<msg timestamp="20231203 12:31:35.290" level="INFO">xpath criteria: //*[@resource-id="com.example.myapplication:id/password"]</msg>
<status status="PASS" starttime="20231203 12:31:35.224" endtime="20231203 12:31:35.290"/>
</kw>
<status status="PASS" starttime="20231203 12:31:34.716" endtime="20231203 12:31:35.290"/>
</kw>
<kw name="Click Sign In Button On Login Page" library="loginPage">
<kw name="Wait Until Element Is Visible" library="AppiumLibrary">
<arg>${sign-in-button2}</arg>
<doc>Waits until element specified with `locator` is visible.</doc>
<msg timestamp="20231203 12:31:35.842" level="INFO">xpath criteria: //*[@resource-id="com.example.myapplication:id/signIn"]</msg>
<status status="PASS" starttime="20231203 12:31:35.291" endtime="20231203 12:31:35.842"/>
</kw>
<kw name="Click Element" library="AppiumLibrary">
<arg>${sign-in-button2}</arg>
<doc>Click element identified by `locator`.</doc>
<msg timestamp="20231203 12:31:35.846" level="INFO">Clicking element '//*[@resource-id="com.example.myapplication:id/signIn"]'.</msg>
<msg timestamp="20231203 12:31:35.929" level="INFO">xpath criteria: //*[@resource-id="com.example.myapplication:id/signIn"]</msg>
<status status="PASS" starttime="20231203 12:31:35.842" endtime="20231203 12:31:35.929"/>
</kw>
<status status="PASS" starttime="20231203 12:31:35.291" endtime="20231203 12:31:35.929"/>
</kw>
<kw name="Failed Login" library="loginPage">
<kw name="Sleep" library="BuiltIn">
<arg>3s</arg>
<doc>Pauses the test executed for the given time.</doc>
<msg timestamp="20231203 12:31:38.931" level="INFO">Slept 3 seconds</msg>
<status status="PASS" starttime="20231203 12:31:35.929" endtime="20231203 12:31:38.932"/>
</kw>
<kw name="Page Should Contain Text" library="AppiumLibrary">
<arg>Invalid username/password</arg>
<doc>Verifies that current page contains `text`.</doc>
<msg timestamp="20231203 12:31:39.006" level="INFO">Current page contains text 'Invalid username/password'.</msg>
<status status="PASS" starttime="20231203 12:31:38.932" endtime="20231203 12:31:39.006"/>
</kw>
<status status="PASS" starttime="20231203 12:31:35.929" endtime="20231203 12:31:39.007"/>
</kw>
<kw name="Close Flight Application" library="base">
<kw name="Close Application" library="AppiumLibrary">
<doc>Closes the current application and also close webdriver session.</doc>
<status status="PASS" starttime="20231203 12:31:39.007" endtime="20231203 12:31:39.371"/>
</kw>
<status status="PASS" starttime="20231203 12:31:39.007" endtime="20231203 12:31:39.371"/>
</kw>
<status status="PASS" starttime="20231203 12:31:28.660" endtime="20231203 12:31:39.371"/>
</test>
<test id="s1-t3" name="Login Without Input Username And Password" line="33">
<kw name="Open Flight Application" library="base">
<kw name="Open Application" library="AppiumLibrary">
<arg>remote_url=${REMOTE_URL}</arg>
<arg>platformName=${PLATFORM_NAME}</arg>
<arg>platformVersion=${PLATFORM_VERSION}</arg>
<arg>deviceName=${DEVICE_NAME}</arg>
<arg>appPackage=${APP_PACKAGE}</arg>
<arg>appActivity=${APP_ACTIVITY}</arg>
<doc>Opens a new application to given Appium server.
Capabilities of appium server, Android and iOS,
Please check https://github.com/appium/appium/blob/master/docs/en/writing-running-appium/server-args.md
| *Option*            | *Man.* | *Description*     |
| remote_url          | Yes    | Appium server url |
| alias               | no     | alias             |
| strict_ssl          | No     | allows you to send commands to an invalid certificate host like a self-signed one. |</doc>
<status status="PASS" starttime="20231203 12:31:39.373" endtime="20231203 12:31:44.090"/>
</kw>
<status status="PASS" starttime="20231203 12:31:39.372" endtime="20231203 12:31:44.090"/>
</kw>
<kw name="Click Sign In Button" library="homePage">
<kw name="Click Element" library="AppiumLibrary">
<arg>${sign-in-button}</arg>
<doc>Click element identified by `locator`.</doc>
<msg timestamp="20231203 12:31:44.092" level="INFO">Clicking element '//*[@resource-id="com.example.myapplication:id/login"]'.</msg>
<msg timestamp="20231203 12:31:44.746" level="INFO">xpath criteria: //*[@resource-id="com.example.myapplication:id/login"]</msg>
<status status="PASS" starttime="20231203 12:31:44.090" endtime="20231203 12:31:44.746"/>
</kw>
<status status="PASS" starttime="20231203 12:31:44.090" endtime="20231203 12:31:44.746"/>
</kw>
<kw name="Click Sign In Button On Login Page" library="loginPage">
<kw name="Wait Until Element Is Visible" library="AppiumLibrary">
<arg>${sign-in-button2}</arg>
<doc>Waits until element specified with `locator` is visible.</doc>
<msg timestamp="20231203 12:31:45.356" level="INFO">xpath criteria: //*[@resource-id="com.example.myapplication:id/signIn"]
xpath criteria: //*[@resource-id="com.example.myapplication:id/signIn"]</msg>
<status status="PASS" starttime="20231203 12:31:44.746" endtime="20231203 12:31:45.357"/>
</kw>
<kw name="Click Element" library="AppiumLibrary">
<arg>${sign-in-button2}</arg>
<doc>Click element identified by `locator`.</doc>
<msg timestamp="20231203 12:31:45.359" level="INFO">Clicking element '//*[@resource-id="com.example.myapplication:id/signIn"]'.</msg>
<msg timestamp="20231203 12:31:45.433" level="INFO">xpath criteria: //*[@resource-id="com.example.myapplication:id/signIn"]</msg>
<status status="PASS" starttime="20231203 12:31:45.357" endtime="20231203 12:31:45.433"/>
</kw>
<status status="PASS" starttime="20231203 12:31:44.746" endtime="20231203 12:31:45.433"/>
</kw>
<kw name="Failed Login" library="loginPage">
<kw name="Sleep" library="BuiltIn">
<arg>3s</arg>
<doc>Pauses the test executed for the given time.</doc>
<msg timestamp="20231203 12:31:48.436" level="INFO">Slept 3 seconds</msg>
<status status="PASS" starttime="20231203 12:31:45.433" endtime="20231203 12:31:48.436"/>
</kw>
<kw name="Page Should Contain Text" library="AppiumLibrary">
<arg>Invalid username/password</arg>
<doc>Verifies that current page contains `text`.</doc>
<msg timestamp="20231203 12:31:48.506" level="INFO">Current page contains text 'Invalid username/password'.</msg>
<status status="PASS" starttime="20231203 12:31:48.436" endtime="20231203 12:31:48.506"/>
</kw>
<status status="PASS" starttime="20231203 12:31:45.433" endtime="20231203 12:31:48.506"/>
</kw>
<kw name="Close Flight Application" library="base">
<kw name="Close Application" library="AppiumLibrary">
<doc>Closes the current application and also close webdriver session.</doc>
<status status="PASS" starttime="20231203 12:31:48.507" endtime="20231203 12:31:48.938"/>
</kw>
<status status="PASS" starttime="20231203 12:31:48.506" endtime="20231203 12:31:48.938"/>
</kw>
<status status="PASS" starttime="20231203 12:31:39.372" endtime="20231203 12:31:48.938"/>
</test>
<test id="s1-t4" name="Login Using Valid Username But Invalid Password" line="40">
<kw name="Open Flight Application" library="base">
<kw name="Open Application" library="AppiumLibrary">
<arg>remote_url=${REMOTE_URL}</arg>
<arg>platformName=${PLATFORM_NAME}</arg>
<arg>platformVersion=${PLATFORM_VERSION}</arg>
<arg>deviceName=${DEVICE_NAME}</arg>
<arg>appPackage=${APP_PACKAGE}</arg>
<arg>appActivity=${APP_ACTIVITY}</arg>
<doc>Opens a new application to given Appium server.
Capabilities of appium server, Android and iOS,
Please check https://github.com/appium/appium/blob/master/docs/en/writing-running-appium/server-args.md
| *Option*            | *Man.* | *Description*     |
| remote_url          | Yes    | Appium server url |
| alias               | no     | alias             |
| strict_ssl          | No     | allows you to send commands to an invalid certificate host like a self-signed one. |</doc>
<status status="PASS" starttime="20231203 12:31:48.939" endtime="20231203 12:31:53.779"/>
</kw>
<status status="PASS" starttime="20231203 12:31:48.939" endtime="20231203 12:31:53.779"/>
</kw>
<kw name="Click Sign In Button" library="homePage">
<kw name="Click Element" library="AppiumLibrary">
<arg>${sign-in-button}</arg>
<doc>Click element identified by `locator`.</doc>
<msg timestamp="20231203 12:31:53.782" level="INFO">Clicking element '//*[@resource-id="com.example.myapplication:id/login"]'.</msg>
<msg timestamp="20231203 12:31:54.412" level="INFO">xpath criteria: //*[@resource-id="com.example.myapplication:id/login"]</msg>
<status status="PASS" starttime="20231203 12:31:53.780" endtime="20231203 12:31:54.412"/>
</kw>
<status status="PASS" starttime="20231203 12:31:53.780" endtime="20231203 12:31:54.412"/>
</kw>
<kw name="Input Username On Login Page" library="loginPage">
<arg>${VALID_USERNAME}</arg>
<kw name="Wait Until Element Is Visible" library="AppiumLibrary">
<arg>${username-input}</arg>
<doc>Waits until element specified with `locator` is visible.</doc>
<msg timestamp="20231203 12:31:55.011" level="INFO">xpath criteria: //*[@resource-id="com.example.myapplication:id/username"]
xpath criteria: //*[@resource-id="com.example.myapplication:id/username"]</msg>
<status status="PASS" starttime="20231203 12:31:54.413" endtime="20231203 12:31:55.011"/>
</kw>
<kw name="Input Text" library="AppiumLibrary">
<arg>${username-input}</arg>
<arg>${username}</arg>
<doc>Types the given `text` into text field identified by `locator`.</doc>
<msg timestamp="20231203 12:31:55.014" level="INFO">Typing text 'support@ngendigital.com' into text field '//*[@resource-id="com.example.myapplication:id/username"]'</msg>
<msg timestamp="20231203 12:31:55.055" level="INFO">xpath criteria: //*[@resource-id="com.example.myapplication:id/username"]</msg>
<status status="PASS" starttime="20231203 12:31:55.011" endtime="20231203 12:31:55.055"/>
</kw>
<status status="PASS" starttime="20231203 12:31:54.413" endtime="20231203 12:31:55.055"/>
</kw>
<kw name="Input Password On Login Page" library="loginPage">
<arg>${INVALID_PASSWORD}</arg>
<kw name="Wait Until Element Is Visible" library="AppiumLibrary">
<arg>${password-input}</arg>
<doc>Waits until element specified with `locator` is visible.</doc>
<msg timestamp="20231203 12:31:55.591" level="INFO">xpath criteria: //*[@resource-id="com.example.myapplication:id/password"]</msg>
<status status="PASS" starttime="20231203 12:31:55.055" endtime="20231203 12:31:55.591"/>
</kw>
<kw name="Input Text" library="AppiumLibrary">
<arg>${password-input}</arg>
<arg>${password}</arg>
<doc>Types the given `text` into text field identified by `locator`.</doc>
<msg timestamp="20231203 12:31:55.593" level="INFO">Typing text '123testing' into text field '//*[@resource-id="com.example.myapplication:id/password"]'</msg>
<msg timestamp="20231203 12:31:55.623" level="INFO">xpath criteria: //*[@resource-id="com.example.myapplication:id/password"]</msg>
<status status="PASS" starttime="20231203 12:31:55.591" endtime="20231203 12:31:55.623"/>
</kw>
<status status="PASS" starttime="20231203 12:31:55.055" endtime="20231203 12:31:55.623"/>
</kw>
<kw name="Click Sign In Button On Login Page" library="loginPage">
<kw name="Wait Until Element Is Visible" library="AppiumLibrary">
<arg>${sign-in-button2}</arg>
<doc>Waits until element specified with `locator` is visible.</doc>
<msg timestamp="20231203 12:31:56.177" level="INFO">xpath criteria: //*[@resource-id="com.example.myapplication:id/signIn"]</msg>
<status status="PASS" starttime="20231203 12:31:55.624" endtime="20231203 12:31:56.177"/>
</kw>
<kw name="Click Element" library="AppiumLibrary">
<arg>${sign-in-button2}</arg>
<doc>Click element identified by `locator`.</doc>
<msg timestamp="20231203 12:31:56.182" level="INFO">Clicking element '//*[@resource-id="com.example.myapplication:id/signIn"]'.</msg>
<msg timestamp="20231203 12:31:56.246" level="INFO">xpath criteria: //*[@resource-id="com.example.myapplication:id/signIn"]</msg>
<status status="PASS" starttime="20231203 12:31:56.178" endtime="20231203 12:31:56.247"/>
</kw>
<status status="PASS" starttime="20231203 12:31:55.623" endtime="20231203 12:31:56.247"/>
</kw>
<kw name="Failed Login" library="loginPage">
<kw name="Sleep" library="BuiltIn">
<arg>3s</arg>
<doc>Pauses the test executed for the given time.</doc>
<msg timestamp="20231203 12:31:59.248" level="INFO">Slept 3 seconds</msg>
<status status="PASS" starttime="20231203 12:31:56.247" endtime="20231203 12:31:59.248"/>
</kw>
<kw name="Page Should Contain Text" library="AppiumLibrary">
<arg>Invalid username/password</arg>
<doc>Verifies that current page contains `text`.</doc>
<msg timestamp="20231203 12:31:59.315" level="INFO">Current page contains text 'Invalid username/password'.</msg>
<status status="PASS" starttime="20231203 12:31:59.248" endtime="20231203 12:31:59.315"/>
</kw>
<status status="PASS" starttime="20231203 12:31:56.247" endtime="20231203 12:31:59.315"/>
</kw>
<kw name="Close Flight Application" library="base">
<kw name="Close Application" library="AppiumLibrary">
<doc>Closes the current application and also close webdriver session.</doc>
<status status="PASS" starttime="20231203 12:31:59.316" endtime="20231203 12:31:59.687"/>
</kw>
<status status="PASS" starttime="20231203 12:31:59.315" endtime="20231203 12:31:59.687"/>
</kw>
<status status="PASS" starttime="20231203 12:31:48.939" endtime="20231203 12:31:59.688"/>
</test>
<test id="s1-t5" name="Login Using Invalid Username But Valid Password" line="49">
<kw name="Open Flight Application" library="base">
<kw name="Open Application" library="AppiumLibrary">
<arg>remote_url=${REMOTE_URL}</arg>
<arg>platformName=${PLATFORM_NAME}</arg>
<arg>platformVersion=${PLATFORM_VERSION}</arg>
<arg>deviceName=${DEVICE_NAME}</arg>
<arg>appPackage=${APP_PACKAGE}</arg>
<arg>appActivity=${APP_ACTIVITY}</arg>
<doc>Opens a new application to given Appium server.
Capabilities of appium server, Android and iOS,
Please check https://github.com/appium/appium/blob/master/docs/en/writing-running-appium/server-args.md
| *Option*            | *Man.* | *Description*     |
| remote_url          | Yes    | Appium server url |
| alias               | no     | alias             |
| strict_ssl          | No     | allows you to send commands to an invalid certificate host like a self-signed one. |</doc>
<status status="PASS" starttime="20231203 12:31:59.689" endtime="20231203 12:32:04.618"/>
</kw>
<status status="PASS" starttime="20231203 12:31:59.688" endtime="20231203 12:32:04.618"/>
</kw>
<kw name="Click Sign In Button" library="homePage">
<kw name="Click Element" library="AppiumLibrary">
<arg>${sign-in-button}</arg>
<doc>Click element identified by `locator`.</doc>
<msg timestamp="20231203 12:32:04.620" level="INFO">Clicking element '//*[@resource-id="com.example.myapplication:id/login"]'.</msg>
<msg timestamp="20231203 12:32:05.271" level="INFO">xpath criteria: //*[@resource-id="com.example.myapplication:id/login"]</msg>
<status status="PASS" starttime="20231203 12:32:04.619" endtime="20231203 12:32:05.272"/>
</kw>
<status status="PASS" starttime="20231203 12:32:04.618" endtime="20231203 12:32:05.272"/>
</kw>
<kw name="Input Username On Login Page" library="loginPage">
<arg>${INVALID_USERNAME}</arg>
<kw name="Wait Until Element Is Visible" library="AppiumLibrary">
<arg>${username-input}</arg>
<doc>Waits until element specified with `locator` is visible.</doc>
<msg timestamp="20231203 12:32:05.872" level="INFO">xpath criteria: //*[@resource-id="com.example.myapplication:id/username"]
xpath criteria: //*[@resource-id="com.example.myapplication:id/username"]</msg>
<status status="PASS" starttime="20231203 12:32:05.273" endtime="20231203 12:32:05.872"/>
</kw>
<kw name="Input Text" library="AppiumLibrary">
<arg>${username-input}</arg>
<arg>${username}</arg>
<doc>Types the given `text` into text field identified by `locator`.</doc>
<msg timestamp="20231203 12:32:05.874" level="INFO">Typing text 'putri.tester@mailinator.com' into text field '//*[@resource-id="com.example.myapplication:id/username"]'</msg>
<msg timestamp="20231203 12:32:05.920" level="INFO">xpath criteria: //*[@resource-id="com.example.myapplication:id/username"]</msg>
<status status="PASS" starttime="20231203 12:32:05.872" endtime="20231203 12:32:05.920"/>
</kw>
<status status="PASS" starttime="20231203 12:32:05.272" endtime="20231203 12:32:05.920"/>
</kw>
<kw name="Input Password On Login Page" library="loginPage">
<arg>${VALID_PASSWORD}</arg>
<kw name="Wait Until Element Is Visible" library="AppiumLibrary">
<arg>${password-input}</arg>
<doc>Waits until element specified with `locator` is visible.</doc>
<msg timestamp="20231203 12:32:06.428" level="INFO">xpath criteria: //*[@resource-id="com.example.myapplication:id/password"]</msg>
<status status="PASS" starttime="20231203 12:32:05.921" endtime="20231203 12:32:06.428"/>
</kw>
<kw name="Input Text" library="AppiumLibrary">
<arg>${password-input}</arg>
<arg>${password}</arg>
<doc>Types the given `text` into text field identified by `locator`.</doc>
<msg timestamp="20231203 12:32:06.430" level="INFO">Typing text 'abc123' into text field '//*[@resource-id="com.example.myapplication:id/password"]'</msg>
<msg timestamp="20231203 12:32:06.484" level="INFO">xpath criteria: //*[@resource-id="com.example.myapplication:id/password"]</msg>
<status status="PASS" starttime="20231203 12:32:06.428" endtime="20231203 12:32:06.485"/>
</kw>
<status status="PASS" starttime="20231203 12:32:05.920" endtime="20231203 12:32:06.485"/>
</kw>
<kw name="Click Sign In Button On Login Page" library="loginPage">
<kw name="Wait Until Element Is Visible" library="AppiumLibrary">
<arg>${sign-in-button2}</arg>
<doc>Waits until element specified with `locator` is visible.</doc>
<msg timestamp="20231203 12:32:06.990" level="INFO">xpath criteria: //*[@resource-id="com.example.myapplication:id/signIn"]</msg>
<status status="PASS" starttime="20231203 12:32:06.486" endtime="20231203 12:32:06.990"/>
</kw>
<kw name="Click Element" library="AppiumLibrary">
<arg>${sign-in-button2}</arg>
<doc>Click element identified by `locator`.</doc>
<msg timestamp="20231203 12:32:06.992" level="INFO">Clicking element '//*[@resource-id="com.example.myapplication:id/signIn"]'.</msg>
<msg timestamp="20231203 12:32:07.079" level="INFO">xpath criteria: //*[@resource-id="com.example.myapplication:id/signIn"]</msg>
<status status="PASS" starttime="20231203 12:32:06.990" endtime="20231203 12:32:07.079"/>
</kw>
<status status="PASS" starttime="20231203 12:32:06.485" endtime="20231203 12:32:07.079"/>
</kw>
<kw name="Failed Login" library="loginPage">
<kw name="Sleep" library="BuiltIn">
<arg>3s</arg>
<doc>Pauses the test executed for the given time.</doc>
<msg timestamp="20231203 12:32:10.081" level="INFO">Slept 3 seconds</msg>
<status status="PASS" starttime="20231203 12:32:07.079" endtime="20231203 12:32:10.081"/>
</kw>
<kw name="Page Should Contain Text" library="AppiumLibrary">
<arg>Invalid username/password</arg>
<doc>Verifies that current page contains `text`.</doc>
<msg timestamp="20231203 12:32:10.191" level="INFO">Current page contains text 'Invalid username/password'.</msg>
<status status="PASS" starttime="20231203 12:32:10.081" endtime="20231203 12:32:10.191"/>
</kw>
<status status="PASS" starttime="20231203 12:32:07.079" endtime="20231203 12:32:10.191"/>
</kw>
<kw name="Close Flight Application" library="base">
<kw name="Close Application" library="AppiumLibrary">
<doc>Closes the current application and also close webdriver session.</doc>
<status status="PASS" starttime="20231203 12:32:10.191" endtime="20231203 12:32:10.534"/>
</kw>
<status status="PASS" starttime="20231203 12:32:10.191" endtime="20231203 12:32:10.534"/>
</kw>
<status status="PASS" starttime="20231203 12:31:59.688" endtime="20231203 12:32:10.534"/>
</test>
<test id="s1-t6" name="Login With Valid Username But Without Input Password" line="58">
<kw name="Open Flight Application" library="base">
<kw name="Open Application" library="AppiumLibrary">
<arg>remote_url=${REMOTE_URL}</arg>
<arg>platformName=${PLATFORM_NAME}</arg>
<arg>platformVersion=${PLATFORM_VERSION}</arg>
<arg>deviceName=${DEVICE_NAME}</arg>
<arg>appPackage=${APP_PACKAGE}</arg>
<arg>appActivity=${APP_ACTIVITY}</arg>
<doc>Opens a new application to given Appium server.
Capabilities of appium server, Android and iOS,
Please check https://github.com/appium/appium/blob/master/docs/en/writing-running-appium/server-args.md
| *Option*            | *Man.* | *Description*     |
| remote_url          | Yes    | Appium server url |
| alias               | no     | alias             |
| strict_ssl          | No     | allows you to send commands to an invalid certificate host like a self-signed one. |</doc>
<status status="PASS" starttime="20231203 12:32:10.535" endtime="20231203 12:32:15.249"/>
</kw>
<status status="PASS" starttime="20231203 12:32:10.535" endtime="20231203 12:32:15.250"/>
</kw>
<kw name="Click Sign In Button" library="homePage">
<kw name="Click Element" library="AppiumLibrary">
<arg>${sign-in-button}</arg>
<doc>Click element identified by `locator`.</doc>
<msg timestamp="20231203 12:32:15.253" level="INFO">Clicking element '//*[@resource-id="com.example.myapplication:id/login"]'.</msg>
<msg timestamp="20231203 12:32:15.881" level="INFO">xpath criteria: //*[@resource-id="com.example.myapplication:id/login"]</msg>
<status status="PASS" starttime="20231203 12:32:15.251" endtime="20231203 12:32:15.881"/>
</kw>
<status status="PASS" starttime="20231203 12:32:15.251" endtime="20231203 12:32:15.881"/>
</kw>
<kw name="Input Username On Login Page" library="loginPage">
<arg>${VALID_USERNAME}</arg>
<kw name="Wait Until Element Is Visible" library="AppiumLibrary">
<arg>${username-input}</arg>
<doc>Waits until element specified with `locator` is visible.</doc>
<msg timestamp="20231203 12:32:16.467" level="INFO">xpath criteria: //*[@resource-id="com.example.myapplication:id/username"]
xpath criteria: //*[@resource-id="com.example.myapplication:id/username"]</msg>
<status status="PASS" starttime="20231203 12:32:15.881" endtime="20231203 12:32:16.468"/>
</kw>
<kw name="Input Text" library="AppiumLibrary">
<arg>${username-input}</arg>
<arg>${username}</arg>
<doc>Types the given `text` into text field identified by `locator`.</doc>
<msg timestamp="20231203 12:32:16.471" level="INFO">Typing text 'support@ngendigital.com' into text field '//*[@resource-id="com.example.myapplication:id/username"]'</msg>
<msg timestamp="20231203 12:32:16.509" level="INFO">xpath criteria: //*[@resource-id="com.example.myapplication:id/username"]</msg>
<status status="PASS" starttime="20231203 12:32:16.469" endtime="20231203 12:32:16.509"/>
</kw>
<status status="PASS" starttime="20231203 12:32:15.881" endtime="20231203 12:32:16.509"/>
</kw>
<kw name="Click Sign In Button On Login Page" library="loginPage">
<kw name="Wait Until Element Is Visible" library="AppiumLibrary">
<arg>${sign-in-button2}</arg>
<doc>Waits until element specified with `locator` is visible.</doc>
<msg timestamp="20231203 12:32:17.085" level="INFO">xpath criteria: //*[@resource-id="com.example.myapplication:id/signIn"]</msg>
<status status="PASS" starttime="20231203 12:32:16.509" endtime="20231203 12:32:17.085"/>
</kw>
<kw name="Click Element" library="AppiumLibrary">
<arg>${sign-in-button2}</arg>
<doc>Click element identified by `locator`.</doc>
<msg timestamp="20231203 12:32:17.087" level="INFO">Clicking element '//*[@resource-id="com.example.myapplication:id/signIn"]'.</msg>
<msg timestamp="20231203 12:32:17.174" level="INFO">xpath criteria: //*[@resource-id="com.example.myapplication:id/signIn"]</msg>
<status status="PASS" starttime="20231203 12:32:17.085" endtime="20231203 12:32:17.174"/>
</kw>
<status status="PASS" starttime="20231203 12:32:16.509" endtime="20231203 12:32:17.174"/>
</kw>
<kw name="Failed Login" library="loginPage">
<kw name="Sleep" library="BuiltIn">
<arg>3s</arg>
<doc>Pauses the test executed for the given time.</doc>
<msg timestamp="20231203 12:32:20.176" level="INFO">Slept 3 seconds</msg>
<status status="PASS" starttime="20231203 12:32:17.175" endtime="20231203 12:32:20.177"/>
</kw>
<kw name="Page Should Contain Text" library="AppiumLibrary">
<arg>Invalid username/password</arg>
<doc>Verifies that current page contains `text`.</doc>
<msg timestamp="20231203 12:32:20.249" level="INFO">Current page contains text 'Invalid username/password'.</msg>
<status status="PASS" starttime="20231203 12:32:20.177" endtime="20231203 12:32:20.250"/>
</kw>
<status status="PASS" starttime="20231203 12:32:17.175" endtime="20231203 12:32:20.250"/>
</kw>
<kw name="Close Flight Application" library="base">
<kw name="Close Application" library="AppiumLibrary">
<doc>Closes the current application and also close webdriver session.</doc>
<status status="PASS" starttime="20231203 12:32:20.250" endtime="20231203 12:32:20.646"/>
</kw>
<status status="PASS" starttime="20231203 12:32:20.250" endtime="20231203 12:32:20.646"/>
</kw>
<status status="PASS" starttime="20231203 12:32:10.534" endtime="20231203 12:32:20.646"/>
</test>
<test id="s1-t7" name="Login With Valid Password But Without Input Username" line="66">
<kw name="Open Flight Application" library="base">
<kw name="Open Application" library="AppiumLibrary">
<arg>remote_url=${REMOTE_URL}</arg>
<arg>platformName=${PLATFORM_NAME}</arg>
<arg>platformVersion=${PLATFORM_VERSION}</arg>
<arg>deviceName=${DEVICE_NAME}</arg>
<arg>appPackage=${APP_PACKAGE}</arg>
<arg>appActivity=${APP_ACTIVITY}</arg>
<doc>Opens a new application to given Appium server.
Capabilities of appium server, Android and iOS,
Please check https://github.com/appium/appium/blob/master/docs/en/writing-running-appium/server-args.md
| *Option*            | *Man.* | *Description*     |
| remote_url          | Yes    | Appium server url |
| alias               | no     | alias             |
| strict_ssl          | No     | allows you to send commands to an invalid certificate host like a self-signed one. |</doc>
<status status="PASS" starttime="20231203 12:32:20.648" endtime="20231203 12:32:25.371"/>
</kw>
<status status="PASS" starttime="20231203 12:32:20.647" endtime="20231203 12:32:25.372"/>
</kw>
<kw name="Click Sign In Button" library="homePage">
<kw name="Click Element" library="AppiumLibrary">
<arg>${sign-in-button}</arg>
<doc>Click element identified by `locator`.</doc>
<msg timestamp="20231203 12:32:25.375" level="INFO">Clicking element '//*[@resource-id="com.example.myapplication:id/login"]'.</msg>
<msg timestamp="20231203 12:32:26.047" level="INFO">xpath criteria: //*[@resource-id="com.example.myapplication:id/login"]</msg>
<status status="PASS" starttime="20231203 12:32:25.372" endtime="20231203 12:32:26.047"/>
</kw>
<status status="PASS" starttime="20231203 12:32:25.372" endtime="20231203 12:32:26.047"/>
</kw>
<kw name="Input Password On Login Page" library="loginPage">
<arg>${VALID_PASSWORD}</arg>
<kw name="Wait Until Element Is Visible" library="AppiumLibrary">
<arg>${password-input}</arg>
<doc>Waits until element specified with `locator` is visible.</doc>
<msg timestamp="20231203 12:32:26.635" level="INFO">xpath criteria: //*[@resource-id="com.example.myapplication:id/password"]
xpath criteria: //*[@resource-id="com.example.myapplication:id/password"]</msg>
<status status="PASS" starttime="20231203 12:32:26.048" endtime="20231203 12:32:26.635"/>
</kw>
<kw name="Input Text" library="AppiumLibrary">
<arg>${password-input}</arg>
<arg>${password}</arg>
<doc>Types the given `text` into text field identified by `locator`.</doc>
<msg timestamp="20231203 12:32:26.637" level="INFO">Typing text 'abc123' into text field '//*[@resource-id="com.example.myapplication:id/password"]'</msg>
<msg timestamp="20231203 12:32:26.670" level="INFO">xpath criteria: //*[@resource-id="com.example.myapplication:id/password"]</msg>
<status status="PASS" starttime="20231203 12:32:26.635" endtime="20231203 12:32:26.670"/>
</kw>
<status status="PASS" starttime="20231203 12:32:26.047" endtime="20231203 12:32:26.670"/>
</kw>
<kw name="Click Sign In Button On Login Page" library="loginPage">
<kw name="Wait Until Element Is Visible" library="AppiumLibrary">
<arg>${sign-in-button2}</arg>
<doc>Waits until element specified with `locator` is visible.</doc>
<msg timestamp="20231203 12:32:27.178" level="INFO">xpath criteria: //*[@resource-id="com.example.myapplication:id/signIn"]</msg>
<status status="PASS" starttime="20231203 12:32:26.671" endtime="20231203 12:32:27.179"/>
</kw>
<kw name="Click Element" library="AppiumLibrary">
<arg>${sign-in-button2}</arg>
<doc>Click element identified by `locator`.</doc>
<msg timestamp="20231203 12:32:27.181" level="INFO">Clicking element '//*[@resource-id="com.example.myapplication:id/signIn"]'.</msg>
<msg timestamp="20231203 12:32:27.278" level="INFO">xpath criteria: //*[@resource-id="com.example.myapplication:id/signIn"]</msg>
<status status="PASS" starttime="20231203 12:32:27.179" endtime="20231203 12:32:27.279"/>
</kw>
<status status="PASS" starttime="20231203 12:32:26.670" endtime="20231203 12:32:27.279"/>
</kw>
<kw name="Failed Login" library="loginPage">
<kw name="Sleep" library="BuiltIn">
<arg>3s</arg>
<doc>Pauses the test executed for the given time.</doc>
<msg timestamp="20231203 12:32:30.282" level="INFO">Slept 3 seconds</msg>
<status status="PASS" starttime="20231203 12:32:27.279" endtime="20231203 12:32:30.282"/>
</kw>
<kw name="Page Should Contain Text" library="AppiumLibrary">
<arg>Invalid username/password</arg>
<doc>Verifies that current page contains `text`.</doc>
<msg timestamp="20231203 12:32:30.340" level="INFO">Current page contains text 'Invalid username/password'.</msg>
<status status="PASS" starttime="20231203 12:32:30.283" endtime="20231203 12:32:30.340"/>
</kw>
<status status="PASS" starttime="20231203 12:32:27.279" endtime="20231203 12:32:30.340"/>
</kw>
<kw name="Close Flight Application" library="base">
<kw name="Close Application" library="AppiumLibrary">
<doc>Closes the current application and also close webdriver session.</doc>
<status status="PASS" starttime="20231203 12:32:30.341" endtime="20231203 12:32:30.739"/>
</kw>
<status status="PASS" starttime="20231203 12:32:30.340" endtime="20231203 12:32:30.739"/>
</kw>
<status status="PASS" starttime="20231203 12:32:20.647" endtime="20231203 12:32:30.741"/>
</test>
<test id="s1-t8" name="Login With Username Invalid Format" line="74">
<kw name="Open Flight Application" library="base">
<kw name="Open Application" library="AppiumLibrary">
<arg>remote_url=${REMOTE_URL}</arg>
<arg>platformName=${PLATFORM_NAME}</arg>
<arg>platformVersion=${PLATFORM_VERSION}</arg>
<arg>deviceName=${DEVICE_NAME}</arg>
<arg>appPackage=${APP_PACKAGE}</arg>
<arg>appActivity=${APP_ACTIVITY}</arg>
<doc>Opens a new application to given Appium server.
Capabilities of appium server, Android and iOS,
Please check https://github.com/appium/appium/blob/master/docs/en/writing-running-appium/server-args.md
| *Option*            | *Man.* | *Description*     |
| remote_url          | Yes    | Appium server url |
| alias               | no     | alias             |
| strict_ssl          | No     | allows you to send commands to an invalid certificate host like a self-signed one. |</doc>
<status status="PASS" starttime="20231203 12:32:30.742" endtime="20231203 12:32:35.481"/>
</kw>
<status status="PASS" starttime="20231203 12:32:30.742" endtime="20231203 12:32:35.481"/>
</kw>
<kw name="Click Sign In Button" library="homePage">
<kw name="Click Element" library="AppiumLibrary">
<arg>${sign-in-button}</arg>
<doc>Click element identified by `locator`.</doc>
<msg timestamp="20231203 12:32:35.484" level="INFO">Clicking element '//*[@resource-id="com.example.myapplication:id/login"]'.</msg>
<msg timestamp="20231203 12:32:36.127" level="INFO">xpath criteria: //*[@resource-id="com.example.myapplication:id/login"]</msg>
<status status="PASS" starttime="20231203 12:32:35.482" endtime="20231203 12:32:36.127"/>
</kw>
<status status="PASS" starttime="20231203 12:32:35.482" endtime="20231203 12:32:36.128"/>
</kw>
<kw name="Input Username On Login Page" library="loginPage">
<arg>${USERNAME_FORMAT}</arg>
<kw name="Wait Until Element Is Visible" library="AppiumLibrary">
<arg>${username-input}</arg>
<doc>Waits until element specified with `locator` is visible.</doc>
<msg timestamp="20231203 12:32:36.729" level="INFO">xpath criteria: //*[@resource-id="com.example.myapplication:id/username"]
xpath criteria: //*[@resource-id="com.example.myapplication:id/username"]</msg>
<status status="PASS" starttime="20231203 12:32:36.128" endtime="20231203 12:32:36.729"/>
</kw>
<kw name="Input Text" library="AppiumLibrary">
<arg>${username-input}</arg>
<arg>${username}</arg>
<doc>Types the given `text` into text field identified by `locator`.</doc>
<msg timestamp="20231203 12:32:36.731" level="INFO">Typing text 'support@ngendigital' into text field '//*[@resource-id="com.example.myapplication:id/username"]'</msg>
<msg timestamp="20231203 12:32:36.766" level="INFO">xpath criteria: //*[@resource-id="com.example.myapplication:id/username"]</msg>
<status status="PASS" starttime="20231203 12:32:36.730" endtime="20231203 12:32:36.766"/>
</kw>
<status status="PASS" starttime="20231203 12:32:36.128" endtime="20231203 12:32:36.767"/>
</kw>
<kw name="Input Password On Login Page" library="loginPage">
<arg>${VALID_PASSWORD}</arg>
<kw name="Wait Until Element Is Visible" library="AppiumLibrary">
<arg>${password-input}</arg>
<doc>Waits until element specified with `locator` is visible.</doc>
<msg timestamp="20231203 12:32:37.275" level="INFO">xpath criteria: //*[@resource-id="com.example.myapplication:id/password"]</msg>
<status status="PASS" starttime="20231203 12:32:36.767" endtime="20231203 12:32:37.275"/>
</kw>
<kw name="Input Text" library="AppiumLibrary">
<arg>${password-input}</arg>
<arg>${password}</arg>
<doc>Types the given `text` into text field identified by `locator`.</doc>
<msg timestamp="20231203 12:32:37.277" level="INFO">Typing text 'abc123' into text field '//*[@resource-id="com.example.myapplication:id/password"]'</msg>
<msg timestamp="20231203 12:32:37.343" level="INFO">xpath criteria: //*[@resource-id="com.example.myapplication:id/password"]</msg>
<status status="PASS" starttime="20231203 12:32:37.276" endtime="20231203 12:32:37.344"/>
</kw>
<status status="PASS" starttime="20231203 12:32:36.767" endtime="20231203 12:32:37.344"/>
</kw>
<kw name="Click Sign In Button On Login Page" library="loginPage">
<kw name="Wait Until Element Is Visible" library="AppiumLibrary">
<arg>${sign-in-button2}</arg>
<doc>Waits until element specified with `locator` is visible.</doc>
<msg timestamp="20231203 12:32:37.981" level="INFO">xpath criteria: //*[@resource-id="com.example.myapplication:id/signIn"]</msg>
<status status="PASS" starttime="20231203 12:32:37.344" endtime="20231203 12:32:37.981"/>
</kw>
<kw name="Click Element" library="AppiumLibrary">
<arg>${sign-in-button2}</arg>
<doc>Click element identified by `locator`.</doc>
<msg timestamp="20231203 12:32:37.983" level="INFO">Clicking element '//*[@resource-id="com.example.myapplication:id/signIn"]'.</msg>
<msg timestamp="20231203 12:32:38.061" level="INFO">xpath criteria: //*[@resource-id="com.example.myapplication:id/signIn"]</msg>
<status status="PASS" starttime="20231203 12:32:37.982" endtime="20231203 12:32:38.061"/>
</kw>
<status status="PASS" starttime="20231203 12:32:37.344" endtime="20231203 12:32:38.061"/>
</kw>
<kw name="Failed Login" library="loginPage">
<kw name="Sleep" library="BuiltIn">
<arg>3s</arg>
<doc>Pauses the test executed for the given time.</doc>
<msg timestamp="20231203 12:32:41.062" level="INFO">Slept 3 seconds</msg>
<status status="PASS" starttime="20231203 12:32:38.062" endtime="20231203 12:32:41.063"/>
</kw>
<kw name="Page Should Contain Text" library="AppiumLibrary">
<arg>Invalid username/password</arg>
<doc>Verifies that current page contains `text`.</doc>
<msg timestamp="20231203 12:32:41.123" level="INFO">Current page contains text 'Invalid username/password'.</msg>
<status status="PASS" starttime="20231203 12:32:41.063" endtime="20231203 12:32:41.124"/>
</kw>
<status status="PASS" starttime="20231203 12:32:38.061" endtime="20231203 12:32:41.124"/>
</kw>
<kw name="Close Flight Application" library="base">
<kw name="Close Application" library="AppiumLibrary">
<doc>Closes the current application and also close webdriver session.</doc>
<status status="PASS" starttime="20231203 12:32:41.125" endtime="20231203 12:32:41.533"/>
</kw>
<status status="PASS" starttime="20231203 12:32:41.124" endtime="20231203 12:32:41.534"/>
</kw>
<status status="PASS" starttime="20231203 12:32:30.741" endtime="20231203 12:32:41.534"/>
</test>
<status status="PASS" starttime="20231203 12:31:19.772" endtime="20231203 12:32:41.536"/>
</suite>
<statistics>
<total>
<stat pass="8" fail="0" skip="0">All Tests</stat>
</total>
<tag>
</tag>
<suite>
<stat pass="8" fail="0" skip="0" id="s1" name="Login">Login</stat>
</suite>
</statistics>
<errors>
</errors>
</robot>
